<?xml version="1.0" encoding="UTF-8"?>
<!-- Generated by org.testng.reporters.JUnitXMLReporter -->
<testsuite ignored="0" hostname="DESKTOP-14OLN27" failures="0" tests="5" name="Default test" time="16.639" errors="0" timestamp="2025-01-30T11:48:18 PKT">
  <testcase classname="QAAutmation.RegressionSuit" name="validateMandatoryFields" time="4.534"/>
  <testcase classname="QAAutmation.RegressionSuit" name="validateMobileNumberField" time="1.441"/>
  <testcase classname="QAAutmation.RegressionSuit" name="validateEmailField" time="2.422"/>
  <testcase classname="QAAutmation.RegressionSuit" name="fillOutForm" time="1.507"/>
  <testcase classname="QAAutmation.RegressionSuit" name="submitFormAndVerify" time="0.161"/>
</testsuite> <!-- Default test -->
