<?xml version="1.0" encoding="UTF-8"?>
<!-- Generated by org.testng.reporters.JUnitXMLReporter -->
<testsuite ignored="0" hostname="DESKTOP-14OLN27" failures="0" tests="5" name="Default test" time="16.154" errors="0" timestamp="2025-01-30T16:36:51 PKT">
  <testcase classname="QAAutmation.RegressionSuit" name="validateMandatoryFields" time="4.443"/>
  <testcase classname="QAAutmation.RegressionSuit" name="validateMobileNumberField" time="1.345"/>
  <testcase classname="QAAutmation.RegressionSuit" name="validateEmailField" time="2.25"/>
  <testcase classname="QAAutmation.RegressionSuit" name="fillOutForm" time="1.784"/>
  <testcase classname="QAAutmation.RegressionSuit" name="submitFormAndVerify" time="0.133"/>
</testsuite> <!-- Default test -->
