<?xml version="1.0" encoding="UTF-8"?>
<!-- Generated by org.testng.reporters.JUnitXMLReporter -->
<testsuite ignored="0" hostname="DESKTOP-14OLN27" failures="0" tests="5" name="Test" time="21.27" errors="0" timestamp="2025-01-30T16:37:28 PKT">
  <testcase classname="QAAutmation.RegressionSuit" name="validateMandatoryFields" time="4.383"/>
  <testcase classname="QAAutmation.RegressionSuit" name="validateMobileNumberField" time="1.331"/>
  <testcase classname="QAAutmation.RegressionSuit" name="validateEmailField" time="2.227"/>
  <testcase classname="QAAutmation.RegressionSuit" name="fillOutForm" time="1.779"/>
  <testcase classname="QAAutmation.RegressionSuit" name="submitFormAndVerify" time="0.144"/>
</testsuite> <!-- Test -->
