<?xml version="1.0" encoding="UTF-8"?>
<!-- Generated by org.testng.reporters.JUnitXMLReporter -->
<testsuite ignored="0" hostname="DESKTOP-14OLN27" failures="0" tests="5" name="Test" time="0.099" errors="0" timestamp="2025-01-30T10:37:12 PKT">
  <testcase classname="QAAutmation.RegressionSuit" name="@BeforeTest openStudentFormWebsite" time="0.051">
    <failure type="java.lang.NoSuchMethodError" message="&amp;apos;void org.openqa.selenium.remote.service.DriverFinder.&amp;lt;init&amp;gt;(org.openqa.selenium.remote.service.DriverService, org.openqa.selenium.Capabilities)&amp;apos;">
      <![CDATA[java.lang.NoSuchMethodError: 'void org.openqa.selenium.remote.service.DriverFinder.<init>(org.openqa.selenium.remote.service.DriverService, org.openqa.selenium.Capabilities)'
at org.openqa.selenium.chrome.ChromeDriver.generateExecutor(ChromeDriver.java:98)
at org.openqa.selenium.chrome.ChromeDriver.<init>(ChromeDriver.java:88)
at org.openqa.selenium.chrome.ChromeDriver.<init>(ChromeDriver.java:83)
at org.openqa.selenium.chrome.ChromeDriver.<init>(ChromeDriver.java:72)
at com.config.BaseTest.setup(BaseTest.java:31)
at QAAutmation.RegressionSuit.openStudentFormWebsite(RegressionSuit.java:25)
... Removed 22 stack frames]]>
    </failure>
  </testcase> <!-- @BeforeTest openStudentFormWebsite -->
  <testcase classname="QAAutmation.RegressionSuit" name="validateMandatoryFields" time="0.0">
    <skipped/>
  </testcase> <!-- validateMandatoryFields -->
  <testcase classname="QAAutmation.RegressionSuit" name="validateMobileNumberField" time="0.0">
    <skipped/>
  </testcase> <!-- validateMobileNumberField -->
  <testcase classname="QAAutmation.RegressionSuit" name="validateEmailField" time="0.0">
    <skipped/>
  </testcase> <!-- validateEmailField -->
  <testcase classname="QAAutmation.RegressionSuit" name="fillOutForm" time="0.0">
    <skipped/>
  </testcase> <!-- fillOutForm -->
  <testcase classname="QAAutmation.RegressionSuit" name="submitFormAndVerify" time="0.0">
    <skipped/>
  </testcase> <!-- submitFormAndVerify -->
</testsuite> <!-- Test -->
