<?xml version="1.0" encoding="UTF-8"?>
<testng-results ignored="0" total="5" passed="5" failed="0" skipped="0">
  <reporter-output>
  </reporter-output>
  <suite started-at="2025-01-30T16:37:06 PKT" name="Suite" finished-at="2025-01-30T16:37:28 PKT" duration-ms="21270">
    <groups>
    </groups>
    <test started-at="2025-01-30T16:37:06 PKT" name="Test" finished-at="2025-01-30T16:37:28 PKT" duration-ms="21270">
      <class name="QAAutmation.RegressionSuit">
        <test-method is-config="true" signature="openStudentFormWebsite()[pri:0, instance:QAAutmation.RegressionSuit@f79e]" started-at="2025-01-30T16:37:06 PKT" name="openStudentFormWebsite" finished-at="2025-01-30T16:37:17 PKT" duration-ms="11040" status="PASS">
          <reporter-output>
          </reporter-output>
        </test-method> <!-- openStudentFormWebsite -->
        <test-method signature="validateMandatoryFields()[pri:1, instance:QAAutmation.RegressionSuit@f79e]" started-at="2025-01-30T16:37:17 PKT" name="validateMandatoryFields" finished-at="2025-01-30T16:37:22 PKT" duration-ms="4383" status="PASS">
          <reporter-output>
          </reporter-output>
        </test-method> <!-- validateMandatoryFields -->
        <test-method signature="validateMobileNumberField()[pri:2, instance:QAAutmation.RegressionSuit@f79e]" started-at="2025-01-30T16:37:22 PKT" name="validateMobileNumberField" finished-at="2025-01-30T16:37:23 PKT" duration-ms="1331" status="PASS">
          <reporter-output>
          </reporter-output>
        </test-method> <!-- validateMobileNumberField -->
        <test-method signature="validateEmailField()[pri:3, instance:QAAutmation.RegressionSuit@f79e]" started-at="2025-01-30T16:37:23 PKT" name="validateEmailField" finished-at="2025-01-30T16:37:25 PKT" duration-ms="2227" status="PASS">
          <reporter-output>
          </reporter-output>
        </test-method> <!-- validateEmailField -->
        <test-method signature="fillOutForm()[pri:4, instance:QAAutmation.RegressionSuit@f79e]" started-at="2025-01-30T16:37:25 PKT" name="fillOutForm" finished-at="2025-01-30T16:37:27 PKT" duration-ms="1779" status="PASS">
          <reporter-output>
          </reporter-output>
        </test-method> <!-- fillOutForm -->
        <test-method signature="submitFormAndVerify()[pri:5, instance:QAAutmation.RegressionSuit@f79e]" started-at="2025-01-30T16:37:27 PKT" name="submitFormAndVerify" finished-at="2025-01-30T16:37:27 PKT" duration-ms="144" status="PASS">
          <reporter-output>
          </reporter-output>
        </test-method> <!-- submitFormAndVerify -->
        <test-method is-config="true" signature="tearDown()[pri:0, instance:QAAutmation.RegressionSuit@f79e]" started-at="2025-01-30T16:37:27 PKT" name="tearDown" finished-at="2025-01-30T16:37:28 PKT" duration-ms="303" status="PASS">
          <reporter-output>
          </reporter-output>
        </test-method> <!-- tearDown -->
      </class> <!-- QAAutmation.RegressionSuit -->
    </test> <!-- Test -->
  </suite> <!-- Suite -->
</testng-results>
