<?xml version="1.0" encoding="UTF-8"?>
<testng-results ignored="0" total="5" passed="5" failed="0" skipped="0">
  <reporter-output>
  </reporter-output>
  <suite started-at="2025-01-30T11:48:01 PKT" name="Default suite" finished-at="2025-01-30T11:48:18 PKT" duration-ms="16639">
    <groups>
    </groups>
    <test started-at="2025-01-30T11:48:01 PKT" name="Default test" finished-at="2025-01-30T11:48:18 PKT" duration-ms="16639">
      <class name="QAAutmation.RegressionSuit">
        <test-method is-config="true" signature="openStudentFormWebsite()[pri:0, instance:QAAutmation.RegressionSuit@4c39bec8]" started-at="2025-01-30T11:48:01 PKT" name="openStudentFormWebsite" finished-at="2025-01-30T11:48:08 PKT" duration-ms="6527" status="PASS">
          <reporter-output>
          </reporter-output>
        </test-method> <!-- openStudentFormWebsite -->
        <test-method signature="validateMandatoryFields()[pri:1, instance:QAAutmation.RegressionSuit@4c39bec8]" started-at="2025-01-30T11:48:08 PKT" name="validateMandatoryFields" finished-at="2025-01-30T11:48:12 PKT" duration-ms="4534" status="PASS">
          <reporter-output>
          </reporter-output>
        </test-method> <!-- validateMandatoryFields -->
        <test-method signature="validateMobileNumberField()[pri:2, instance:QAAutmation.RegressionSuit@4c39bec8]" started-at="2025-01-30T11:48:12 PKT" name="validateMobileNumberField" finished-at="2025-01-30T11:48:14 PKT" duration-ms="1441" status="PASS">
          <reporter-output>
          </reporter-output>
        </test-method> <!-- validateMobileNumberField -->
        <test-method signature="validateEmailField()[pri:3, instance:QAAutmation.RegressionSuit@4c39bec8]" started-at="2025-01-30T11:48:14 PKT" name="validateEmailField" finished-at="2025-01-30T11:48:16 PKT" duration-ms="2422" status="PASS">
          <reporter-output>
          </reporter-output>
        </test-method> <!-- validateEmailField -->
        <test-method signature="fillOutForm()[pri:4, instance:QAAutmation.RegressionSuit@4c39bec8]" started-at="2025-01-30T11:48:16 PKT" name="fillOutForm" finished-at="2025-01-30T11:48:18 PKT" duration-ms="1507" status="PASS">
          <reporter-output>
          </reporter-output>
        </test-method> <!-- fillOutForm -->
        <test-method signature="submitFormAndVerify()[pri:5, instance:QAAutmation.RegressionSuit@4c39bec8]" started-at="2025-01-30T11:48:18 PKT" name="submitFormAndVerify" finished-at="2025-01-30T11:48:18 PKT" duration-ms="161" status="PASS">
          <reporter-output>
          </reporter-output>
        </test-method> <!-- submitFormAndVerify -->
      </class> <!-- QAAutmation.RegressionSuit -->
    </test> <!-- Default test -->
  </suite> <!-- Default suite -->
</testng-results>
